0 info it worked if it ends with ok
1 verbose cli [ '/home/sivins/.nvm/versions/node/v6.6.0/bin/node',
1 verbose cli   '/home/sivins/.nvm/versions/node/v6.6.0/bin/npm',
1 verbose cli   'start' ]
2 info using npm@3.10.3
3 info using node@v6.6.0
4 verbose run-script [ 'prestart', 'start', 'poststart' ]
5 info lifecycle socket_io_stuff@1.0.0~prestart: socket_io_stuff@1.0.0
6 silly lifecycle socket_io_stuff@1.0.0~prestart: no script for prestart, continuing
7 info lifecycle socket_io_stuff@1.0.0~start: socket_io_stuff@1.0.0
8 verbose lifecycle socket_io_stuff@1.0.0~start: unsafe-perm in lifecycle true
9 verbose lifecycle socket_io_stuff@1.0.0~start: PATH: /home/sivins/.nvm/versions/node/v6.6.0/lib/node_modules/npm/bin/node-gyp-bin:/home/sivins/projects/socket_io_stuff/node_modules/.bin:/home/sivins/.nvm/versions/node/v6.6.0/bin:/home/sivins/.nvm/versions/node/v6.6.0/bin:/home/sivins/.rvm/gems/ruby-2.2.3/bin:/home/sivins/.rvm/gems/ruby-2.2.3@global/bin:/home/sivins/.rvm/rubies/ruby-2.2.3/bin:/usr/local/sbin:/usr/local/bin:/usr/sbin:/usr/bin:/sbin:/bin:/usr/games:/usr/local/games:/home/sivins/.rvm/bin:/home/sivins/.rvm/bin:/home/sivins/.rvm/bin
10 verbose lifecycle socket_io_stuff@1.0.0~start: CWD: /home/sivins/projects/socket_io_stuff
11 silly lifecycle socket_io_stuff@1.0.0~start: Args: [ '-c', 'node server.js' ]
12 silly lifecycle socket_io_stuff@1.0.0~start: Returned: code: 1  signal: null
13 info lifecycle socket_io_stuff@1.0.0~start: Failed to exec start script
14 verbose stack Error: socket_io_stuff@1.0.0 start: `node server.js`
14 verbose stack Exit status 1
14 verbose stack     at EventEmitter.<anonymous> (/home/sivins/.nvm/versions/node/v6.6.0/lib/node_modules/npm/lib/utils/lifecycle.js:242:16)
14 verbose stack     at emitTwo (events.js:106:13)
14 verbose stack     at EventEmitter.emit (events.js:191:7)
14 verbose stack     at ChildProcess.<anonymous> (/home/sivins/.nvm/versions/node/v6.6.0/lib/node_modules/npm/lib/utils/spawn.js:40:14)
14 verbose stack     at emitTwo (events.js:106:13)
14 verbose stack     at ChildProcess.emit (events.js:191:7)
14 verbose stack     at maybeClose (internal/child_process.js:877:16)
14 verbose stack     at Process.ChildProcess._handle.onexit (internal/child_process.js:226:5)
15 verbose pkgid socket_io_stuff@1.0.0
16 verbose cwd /home/sivins/projects/socket_io_stuff
17 error Linux 3.19.0-47-generic
18 error argv "/home/sivins/.nvm/versions/node/v6.6.0/bin/node" "/home/sivins/.nvm/versions/node/v6.6.0/bin/npm" "start"
19 error node v6.6.0
20 error npm  v3.10.3
21 error code ELIFECYCLE
22 error socket_io_stuff@1.0.0 start: `node server.js`
22 error Exit status 1
23 error Failed at the socket_io_stuff@1.0.0 start script 'node server.js'.
23 error Make sure you have the latest version of node.js and npm installed.
23 error If you do, this is most likely a problem with the socket_io_stuff package,
23 error not with npm itself.
23 error Tell the author that this fails on your system:
23 error     node server.js
23 error You can get information on how to open an issue for this project with:
23 error     npm bugs socket_io_stuff
23 error Or if that isn't available, you can get their info via:
23 error     npm owner ls socket_io_stuff
23 error There is likely additional logging output above.
24 verbose exit [ 1, true ]
